<?xml version="1.0" encoding="UTF-8"?>
<!-- Generated by org.testng.reporters.JUnitReportReporter -->
<testsuite hostname="DESKTOP-P030MJJ" failures="0" tests="2" name="day6JSONXMLSchemaValidationsSerialDEserilisation.SerilizationDeserilization" time="0.424" errors="0" timestamp="2024-08-14T08:35:29 IST" skipped="0">
  <testcase classname="day6JSONXMLSchemaValidationsSerialDEserilisation.SerilizationDeserilization" name="convertJson2Pojo" time="0.400"/>
  <system-out/>
  <testcase classname="day6JSONXMLSchemaValidationsSerialDEserilisation.SerilizationDeserilization" name="convertPojo2Json" time="0.024"/>
  <system-out/>
</testsuite> <!-- day6JSONXMLSchemaValidationsSerialDEserilisation.SerilizationDeserilization -->
