<?xml version="1.0" encoding="UTF-8"?>
<!-- Generated by org.testng.reporters.JUnitReportReporter -->
<testsuite hostname="DESKTOP-P030MJJ" failures="0" tests="1" name="day7TypesOfAuthorizationsFakerLibrary.Authentications" time="5.269" errors="0" timestamp="2024-08-13T00:21:54 IST" skipped="0">
  <testcase classname="day7TypesOfAuthorizationsFakerLibrary.Authentications" name="testBasicAuthentication" time="5.269"/>
  <system-out/>
</testsuite> <!-- day7TypesOfAuthorizationsFakerLibrary.Authentications -->
