<?xml version="1.0" encoding="UTF-8"?>
<!-- Generated by org.testng.reporters.JUnitReportReporter -->
<testsuite hostname="DESKTOP-P030MJJ" failures="0" tests="2" name="day2POSTRequestPayload.DiffWaysToCreatePostRequestBody" time="3.491" errors="0" timestamp="2024-08-10T16:15:12 IST" skipped="0">
  <testcase classname="day2POSTRequestPayload.DiffWaysToCreatePostRequestBody" name="testPostusingExternalJSONFile" time="3.450"/>
  <system-out/>
  <testcase classname="day2POSTRequestPayload.DiffWaysToCreatePostRequestBody" name="testDelete" time="0.041"/>
  <system-out/>
</testsuite> <!-- day2POSTRequestPayload.DiffWaysToCreatePostRequestBody -->
