<?xml version="1.0" encoding="UTF-8"?>
<!-- Generated by org.testng.reporters.JUnitReportReporter -->
<testsuite hostname="DESKTOP-P030MJJ" failures="0" tests="2" name="day3CookiesHeadersQueryPathParameters.HeadersDemo" time="2.180" errors="0" timestamp="2024-08-10T20:52:34 IST" skipped="0">
  <testcase classname="day3CookiesHeadersQueryPathParameters.HeadersDemo" name="testHeaders" time="1.829"/>
  <system-out/>
  <testcase classname="day3CookiesHeadersQueryPathParameters.HeadersDemo" name="getHeaders" time="0.351"/>
  <system-out/>
</testsuite> <!-- day3CookiesHeadersQueryPathParameters.HeadersDemo -->
