<?xml version="1.0" encoding="UTF-8"?>
<!-- Generated by org.testng.reporters.JUnitReportReporter -->
<testsuite hostname="DESKTOP-P030MJJ" failures="0" tests="1" name="day3CookiesHeadersQueryPathParameters.LoggingDemo" time="2.391" errors="0" timestamp="2024-08-10T21:03:52 IST" skipped="0">
  <testcase classname="day3CookiesHeadersQueryPathParameters.LoggingDemo" name="testLogs" time="2.391"/>
  <system-out/>
</testsuite> <!-- day3CookiesHeadersQueryPathParameters.LoggingDemo -->
