<?xml version="1.0" encoding="UTF-8"?>
<!-- Generated by org.testng.reporters.JUnitReportReporter -->
<testsuite hostname="DESKTOP-P030MJJ" failures="0" tests="1" name="day6JSONXMLSchemaValidationsSerialDEserilisation.JSONSchemaValidation" time="1.935" errors="0" timestamp="2024-08-11T23:47:06 IST" skipped="0">
  <testcase classname="day6JSONXMLSchemaValidationsSerialDEserilisation.JSONSchemaValidation" name="JSONschemavalidation" time="1.935"/>
  <system-out/>
</testsuite> <!-- day6JSONXMLSchemaValidationsSerialDEserilisation.JSONSchemaValidation -->
