<?xml version="1.0" encoding="UTF-8"?>
<!-- Generated by org.testng.reporters.JUnitReportReporter -->
<testsuite hostname="DESKTOP-P030MJJ" failures="0" tests="1" name="revise.HTTPRequest" time="3.099" errors="0" timestamp="2024-10-25T23:30:28 IST" skipped="0">
  <testcase classname="revise.HTTPRequest" name="getUsers" time="3.099"/>
  <system-out/>
</testsuite> <!-- revise.HTTPRequest -->
