<?xml version="1.0" encoding="UTF-8"?>
<!-- Generated by org.testng.reporters.JUnitReportReporter -->
<testsuite hostname="DESKTOP-P030MJJ" failures="0" tests="1" name="day3CookiesHeadersQueryPathParameters.PathAndQueryParameters" time="3.255" errors="0" timestamp="2024-08-10T19:43:41 IST" skipped="0">
  <testcase classname="day3CookiesHeadersQueryPathParameters.PathAndQueryParameters" name="testQueryAndPathParameters" time="3.255"/>
  <system-out/>
</testsuite> <!-- day3CookiesHeadersQueryPathParameters.PathAndQueryParameters -->
