<?xml version="1.0" encoding="UTF-8"?>
<!-- Generated by org.testng.reporters.JUnitReportReporter -->
<testsuite hostname="DESKTOP-P030MJJ" failures="0" tests="1" name="day7TypesOfAuthorizationsFakerLibrary.FakerDataGenerator" time="0.383" errors="0" timestamp="2024-08-16T12:26:39 IST" skipped="0">
  <testcase classname="day7TypesOfAuthorizationsFakerLibrary.FakerDataGenerator" name="testGenerateDummyData" time="0.383"/>
  <system-out/>
</testsuite> <!-- day7TypesOfAuthorizationsFakerLibrary.FakerDataGenerator -->
