<?xml version="1.0" encoding="UTF-8"?>
<!-- Generated by org.testng.reporters.JUnitReportReporter -->
<testsuite hostname="DESKTOP-P030MJJ" failures="0" tests="4" name="day1HTTPMatehods.HTTPRequests" time="4.921" errors="0" timestamp="2024-08-07T01:26:28 IST" skipped="0">
  <testcase classname="day1HTTPMatehods.HTTPRequests" name="getUser" time="3.274"/>
  <system-out/>
  <testcase classname="day1HTTPMatehods.HTTPRequests" name="createUser" time="0.776"/>
  <system-out/>
  <testcase classname="day1HTTPMatehods.HTTPRequests" name="updateUser" time="0.461"/>
  <system-out/>
  <testcase classname="day1HTTPMatehods.HTTPRequests" name="deleteUser" time="0.410"/>
  <system-out/>
</testsuite> <!-- day1HTTPMatehods.HTTPRequests -->
